Arguments: 
  /usr/local/bin/node /usr/local/bin/yarn

PATH: 
  /Users/mattpeterson/.rbenv/bin:/Users/mattpeterson/.rbenv/shims:/Applications/Postgres.app/Contents/Versions/9.6/bin:/Users/mattpeterson/.rbenv/shims:/Users/mattpeterson/.rbenv/bin:/Users/mattpeterson/.rbenv/shims:/Applications/Postgres.app/Contents/Versions/9.6/bin:/Users/mattpeterson/.rbenv/shims:/Applications/Postgres.app/Contents/Versions/9.6/bin:/Users/mattpeterson/.rbenv/shims:/Applications/Postgres.app/Contents/Versions/9.6/bin:/usr/bin:/bin:/usr/sbin:/sbin:/usr/local/bin

Yarn version: 
  0.24.5

Node version: 
  6.10.0

Platform: 
  darwin x64

npm manifest: 
  {
    "name": "create-repack-app",
    "version": "1.0.0",
    "scripts": {
      "build": "cd client && npm install --only=dev && npm install && npm run build && cd ..",
      "deploy": "cp -a client/build/. public/",
      "heroku-postbuild": "npm run build && npm run deploy && echo 'Client Built'"
    },
    "keywords": [],
    "author": "",
    "license": "ISC",
    "dependencies": {
      "react-time-input": "^0.0.16"
    }
  }

yarn manifest: 
  No manifest

Lockfile: 
  # THIS IS AN AUTOGENERATED FILE. DO NOT EDIT THIS FILE DIRECTLY.
  # yarn lockfile v1
  
  
  <<<<<<< HEAD
  =======
  react-time-input@^0.0.16:
    version "0.0.16"
    resolved "https://registry.yarnpkg.com/react-time-input/-/react-time-input-0.0.16.tgz#b255560e0ae3b40249145c67a428cbe98f094434"
  >>>>>>> activity

Trace: 
  SyntaxError: Unknown token 5:1 in /Users/mattpeterson/Desktop/DPL Daily Work/capstone/ezpz_for_real/yarn.lock
      at Parser.unexpected (/usr/local/lib/node_modules/yarn/lib/lockfile/parse.js:229:11)
      at Parser.parse (/usr/local/lib/node_modules/yarn/lib/lockfile/parse.js:334:14)
      at exports.default (/usr/local/lib/node_modules/yarn/lib/lockfile/parse.js:15:17)
      at /usr/local/lib/node_modules/yarn/lib/lockfile/wrapper.js:129:60
      at next (native)
      at step (/usr/local/lib/node_modules/yarn/node_modules/babel-runtime/helpers/asyncToGenerator.js:17:30)
      at /usr/local/lib/node_modules/yarn/node_modules/babel-runtime/helpers/asyncToGenerator.js:28:13
